============================= test session starts ==============================
platform linux -- Python 3.12.1, pytest-8.4.1, pluggy-1.6.0 -- /usr/local/python/3.12.1/bin/python3
cachedir: .pytest_cache
rootdir: /workspaces/space2/hababru
configfile: pytest.ini
plugins: anyio-4.9.0
collecting ... collected 16 items

tests/test_api.py::test_home_page PASSED                                 [  6%]
tests/test_api.py::test_seo_page PASSED                                  [ 12%]
tests/test_api.py::test_get_sample_contract PASSED                       [ 18%]
tests/test_api.py::test_upload_contract PASSED                           [ 25%]
tests/test_api.py::test_seo_page_content_display FAILED                  [ 31%]
tests/test_api.py::test_seo_page_ipotechnyh_dogovorov_content_display 

=================================== FAILURES ===================================
________________________ test_seo_page_content_display _________________________

client = <FlaskClient <Flask 'src.backend.main'>>
mock_services = (<MagicMock name='ParsingService()' id='126177391682112'>, <MagicMock name='CacheService()' id='126177391685856'>, <MagicMock name='LLMService()' id='126177391678368'>)

    def test_seo_page_content_display(client, mock_services):
        mock_parsing_instance, mock_cache_instance, mock_llm_instance = mock_services
    
        # Define paths to the actual content files
        seo_page_dir = os.path.join(app.root_path, 'content', 'seo_pages', 'arendy')
        source_md_path = os.path.join(seo_page_dir, 'source.md')
        generated_contract_path = os.path.join(seo_page_dir, 'generated_contract.txt')
    
        # Read expected content
        with open(source_md_path, 'r', encoding='utf-8') as f:
            source_content = f.read()
    
        parts = source_content.split('---', 2)
        front_matter = yaml.safe_load(parts[1])
        page_text_content_md = parts[2].strip()
        expected_page_text_html = markdown.markdown(page_text_content_md)
    
        with open(generated_contract_path, 'r', encoding='utf-8') as f:
            expected_contract_text = f.read()
    
        # Mock the render_seo_page to allow actual rendering logic to run
        # We need to ensure the actual seo_service.render_seo_page is called, not mocked
        # So, we will remove the mock for seo_service_global_mock.render_seo_page for this test
        # Or, more simply, we can just call the route directly and let the real seo_service run
    
        rv = client.get('/arendy')
        assert rv.status_code == 200
    
        # Assert that the page title is present
        assert front_matter['title'].encode('utf-8') in rv.data
    
        # Assert that the main page text content is present
        assert expected_page_text_html.encode('utf-8') in rv.data
    
        # Assert that the contract text is present (it's embedded as JSON in the script tag)
        # The contract text is passed as a JSON string to window.appConfig.seoPageContractTextRaw
        # So we need to check for the JSON string representation of the contract text
        import json
        expected_contract_json_string = json.dumps(expected_contract_text)
>       assert expected_contract_json_string.encode('utf-8') in rv.data
E       assert b'"\\u0414\\u043e\\u0433\\u043e\\u0432\\u043e\\u0440 (\\u0434\\u0430\\u043d\\u043d\\u044b\\u0435 \\u043f\\u0440\\u0438\\u0434\\u0443\\u043c\\u0430\\u043d\\u044b)\\n\\n---\\n\\n\\u0414\\u043e\\u0433\\u043e\\u0432\\u043e\\u0440 \\u0430\\u0440\\u0435\\u043d\\u0434\\u044b \\u043d\\u0435\\u0434\\u0432\\u0438\\u0436\\u0438\\u043c\\u043e\\u0441\\u0442\\u0438\\n\\n\\u0433. \\u041c\\u043e\\u0441\\u043a\\u0432\\u0430                                                                                                                       27 \\u0430\\u043f\\u0440\\u0435\\u043b\\u044f 2024 \\u0433\\u043e\\u0434\\u0430\\n\\n\\u0418\\u041f \\u0418\\u0432\\u0430\\u043d\\u043e\\u0432 \\u0418\\u0432\\u0430\\u043d \\u0418\\u0432\\u0430\\u043d\\u043e\\u0432\\u0438\\u0447, \\u0438\\u043c\\u0435\\u043d\\u0443\\u0435\\u043c\\u044b\\u0439 \\u0432 \\u0434\\u0430\\u043b\\u044c\\u043d\\u0435\\u0439\\u0448\\u0435\\u043c \\u00ab\\u0410\\u0440\\u0435\\u043d\\u0434\\u043e\\u0434\\u0430\\u0442\\u0435\\u043b\\u044c\\u00bb, \\u0437\\u0430\\u0440\\u0435\\u0433\\u0438\\u0441\\u0442\\u0440\\u0438\\u0440\\u043e\\u0432\\u0430\\u043d\\u043d\\u044b\\u0439 \\u043f\\u043e \\u0430\\u0434\\u0440\\u0435\\u0441\\u0443: \\u0433. \...0442\\u0432\\u0438\\u0438 \\u0441 \\u0435\\u0433\\u043e \\u043d\\u0430\\u0437\\u043d\\u0430\\u0447\\u0435\\u043d\\u0438\\u0435\\u043c.\\n- \\u041f\\u0440\\u043e\\u0438\\u0437\\u0432\\u043e\\u0434\\u0438\\u0442\\u044c \\u0441\\u0432\\u043e\\u0435\\u0432\\u0440\\u0435\\u043c\\u0435\\u043d\\u043d\\u0443\\u044e \\u043e\\u043f\\u043b\\u0430\\u0442\\u0443 \\u0430\\u0440\\u0435\\u043d\\u0434\\u043d\\u043e\\u0439 \\u043f\\u043b\\u0430\\u0442\\u044b.\\n- \\u041d\\u0435 \\u043f\\u0440\\u043e\\u0438\\u0437\\u0432\\u043e\\u0434\\u0438\\u0442\\u044c \\u0431\\u0435\\u0437 \\u0441\\u043e\\u0433\\u043b\\u0430\\u0441\\u0438\\u044f \\u0410\\u0440\\u0435\\u043d\\u0434\\u043e\\u0434\\u0430\\u0442\\u0435\\u043b\\u044f \\u043f\\u0435\\u0440\\u0435\\u0443\\u0441\\u0442\\u0440\\u043e\\u0439\\u0441\\u0442\\u0432\\u043e \\u0438\\u043b\\u0438 \\u0443\\u043b\\u0443\\u0447\\u0448\\u0435\\u043d\\u0438\\u0435 \\u041e\\u0431\\u044a\\u0435\\u043a\\u0442\\u0430 \\u0430\\u0440\\u0435\\u043d\\u0434\\u044b.\\n- \\u0412\\u043e\\u0437\\u043c\\u0435\\u0449\\u0430\\u0442\\u044c \\u0443\\u0431\\u044b\\u0442\\u043a\\u0438, \\u043f\\u0440\\u0438\\u0447\\u0438\\u043d\\u0451\\u043d\\u043d\\u044b\\u0435 \\u043f\\u043e\\u0440"' in b'<!DOCTYPE html>\n<html lang="ru">\n<head>\n    <meta charset="UTF-8">\n    <meta name="viewport" content="width=device-width, initial-scale=1.0">\n    <title>\xd0\x9f\xd1\x80\xd0\xbe\xd0\xb2\xd0\xb5\xd1\x80\xd0\xba\xd0\xb0 \xd0\xb4\xd0\xbe\xd0\xb3\xd0\xbe\xd0\xb2\xd0\xbe\xd1\x80\xd0\xb0 \xd0\xb0\xd1\x80\xd0\xb5\xd0\xbd\xd0\xb4\xd1\x8b \xd0\xbe\xd0\xbd\xd0\xbb\xd0\xb0\xd0\xb9\xd0\xbd \xd0\xbd\xd0\xb5\xd0\xb9\xd1\x80\xd0\xbe\xd1\x81\xd0\xb5\xd1\x82\xd1\x8c\xd1\x8e. \xd0\x90\xd0\xbd\xd0\xb0\xd0\xbb\xd0\xb8\xd0\xb7 \xd1\x83\xd1\x81\xd0\xbb\xd0\xbe\xd0\xb2\xd0\xb8\xd0\xb9 \xd0\xb8 \xd0\xba\xd0\xbe\xd0\xbd\xd1\x81\xd1\x83\xd0\xbb\xd1\x8c\xd1\x82\xd0\xb0\xd1\x86\xd1\x8f</title>\n    <meta name="keywords" content="\xd0\xbf\xd1\x80\xd0\xbe\xd0\xb2\xd0\xb5\xd1\x80\xd0\xba\xd0\xb0 \xd0\xb4\xd0\xbe\xd0\xb3\xd0\xbe\xd0\xb2\xd0\xbe\xd1\x80\xd0\xb0 \xd0\xb0\xd1\x80\xd0\xb5\xd0\xbd\xd0\xb4\xd1\x8b, \xd0\xb0\xd0\xbd\xd0\xb0\xd0\xbb\xd0\xb8\xd0\xb7 \xd1\x83\xd1\x81\xd0\xbb\xd0\xbe\xd0\xb2\xd0\xb8\xd0\xb9 \xd0\xb0\xd1\x80\xd0\xb5\xd0\xbd\xd0\xb4\xd1\x8b, \xd1\x8e\xd1\x80\xd0\xb8\xd0\xb4\xd0\xb8\xd1\x87\xd0\xb5\xd1\x81\xd0\xba\xd0\xb0\xd1\x8f \xd0\xbf\xd1\x80\xd0\xbe\xd0\xb2\xd0\xb5\xd1\x80\xd0\xb...a\xd1\x80\xd0\xb5\xd1\x82\xd0\xbd\xd1\x8b\xd0\xbc \xd0\xb8 \xd1\x81\xd0\xbe\xd0\xbe\xd1\x82\xd0\xb2\xd0\xb5\xd1\x82\xd1\x81\xd1\x82\xd0\xb2\xd1\x83\xd1\x8e\xd1\x89\xd0\xb8\xd0\xbc \xd1\x81\xd1\x82\xd1\x80\xd1\x83\xd0\xba\xd1\x82\xd1\x83\xd1\x80\xd0\xb5 \xd0\xbf\xd0\xbe\xd0\xbb\xd0\xbd\xd0\xbe\xd1\x86\xd0\xb5\xd0\xbd\xd0\xbd\xd0\xbe\xd0\xb3\xd0\xbe \xd0\xb4\xd0\xbe\xd0\xb3\xd0\xbe\xd0\xb2\xd0\xbe\xd1\x80\xd0\xb0 \xd0\xb0\xd1\x80\xd0\xb5\xd0\xbd\xd0\xb4\xd1\x8b, \xd1\x87\xd1\x82\xd0\xbe\xd0\xb1\xd1\x8b \xd0\xbe\xd0\xb1\xd0\xb5\xd1\x81\xd0\xbf\xd0\xb5\xd1\x87\xd0\xb8\xd1\x82\xd1\x8c \xd1\x8e\xd1\x80\xd0\xb8\xd0\xb4\xd0\xb8\xd1\x87\xd0\xb5\xd1\x81\xd0\xba\xd1\x83\xd1\x8e \xd0\xbe\xd0\xbf\xd1\x80\xd0\xb5\xd0\xb4\xd0\xb5\xd0\xbb\xd0\xb5\xd0\xbd\xd0\xbd\xd0\xbe\xd1\x81\xd1\x82\xd1\x8c \xd0\xb8 \xd0\xb7\xd0\xb0\xd1\x89\xd0\xb8\xd1\x82\xd1\x83 \xd0\xb8\xd0\xbd\xd1\x82\xd0\xb5\xd1\x80\xd0\xb5\xd1\x81\xd0\xbe\xd0\xb2 \xd0\xbe\xd0\xb1\xd0\xb5\xd0\xb8\xd1\x85 \xd1\x81\xd1\x82\xd0\xbe\xd1\x80\xd0\xbe\xd0\xbd.&lt;/p&gt;&#39;}]}">\n    </div>\n    <script>\n        window.appConfig = {}; // Initialize an empty object\n    </script>\n    <script src="/public/js/app.js"></script>\n</body>\n</html>'
E        +  where b'"\\u0414\\u043e\\u0433\\u043e\\u0432\\u043e\\u0440 (\\u0434\\u0430\\u043d\\u043d\\u044b\\u0435 \\u043f\\u0440\\u0438\\u0434\\u0443\\u043c\\u0430\\u043d\\u044b)\\n\\n---\\n\\n\\u0414\\u043e\\u0433\\u043e\\u0432\\u043e\\u0440 \\u0430\\u0440\\u0435\\u043d\\u0434\\u044b \\u043d\\u0435\\u0434\\u0432\\u0438\\u0436\\u0438\\u043c\\u043e\\u0441\\u0442\\u0438\\n\\n\\u0433. \\u041c\\u043e\\u0441\\u043a\\u0432\\u0430                                                                                                                       27 \\u0430\\u043f\\u0440\\u0435\\u043b\\u044f 2024 \\u0433\\u043e\\u0434\\u0430\\n\\n\\u0418\\u041f \\u0418\\u0432\\u0430\\u043d\\u043e\\u0432 \\u0418\\u0432\\u0430\\u043d \\u0418\\u0432\\u0430\\u043d\\u043e\\u0432\\u0438\\u0447, \\u0438\\u043c\\u0435\\u043d\\u0443\\u0435\\u043c\\u044b\\u0439 \\u0432 \\u0434\\u0430\\u043b\\u044c\\u043d\\u0435\\u0439\\u0448\\u0435\\u043c \\u00ab\\u0410\\u0440\\u0435\\u043d\\u0434\\u043e\\u0434\\u0430\\u0442\\u0435\\u043b\\u044c\\u00bb, \\u0437\\u0430\\u0440\\u0435\\u0433\\u0438\\u0441\\u0442\\u0440\\u0438\\u0440\\u043e\\u0432\\u0430\\u043d\\u043d\\u044b\\u0439 \\u043f\\u043e \\u0430\\u0434\\u0440\\u0435\\u0441\\u0443: \\u0433. \...0442\\u0432\\u0438\\u0438 \\u0441 \\u0435\\u0433\\u043e \\u043d\\u0430\\u0437\\u043d\\u0430\\u0447\\u0435\\u043d\\u0438\\u0435\\u043c.\\n- \\u041f\\u0440\\u043e\\u0438\\u0437\\u0432\\u043e\\u0434\\u0438\\u0442\\u044c \\u0441\\u0432\\u043e\\u0435\\u0432\\u0440\\u0435\\u043c\\u0435\\u043d\\u043d\\u0443\\u044e \\u043e\\u043f\\u043b\\u0430\\u0442\\u0443 \\u0430\\u0440\\u0435\\u043d\\u0434\\u043d\\u043e\\u0439 \\u043f\\u043b\\u0430\\u0442\\u044b.\\n- \\u041d\\u0435 \\u043f\\u0440\\u043e\\u0438\\u0437\\u0432\\u043e\\u0434\\u0438\\u0442\\u044c \\u0431\\u0435\\u0437 \\u0441\\u043e\\u0433\\u043b\\u0430\\u0441\\u0438\\u044f \\u0410\\u0440\\u0435\\u043d\\u0434\\u043e\\u0434\\u0430\\u0442\\u0435\\u043b\\u044f \\u043f\\u0435\\u0440\\u0435\\u0443\\u0441\\u0442\\u0440\\u043e\\u0439\\u0441\\u0442\\u0432\\u043e \\u0438\\u043b\\u0438 \\u0443\\u043b\\u0443\\u0447\\u0448\\u0435\\u043d\\u0438\\u0435 \\u041e\\u0431\\u044a\\u0435\\u043a\\u0442\\u0430 \\u0430\\u0440\\u0435\\u043d\\u0434\\u044b.\\n- \\u0412\\u043e\\u0437\\u043c\\u0435\\u0449\\u0430\\u0442\\u044c \\u0443\\u0431\\u044b\\u0442\\u043a\\u0438, \\u043f\\u0440\\u0438\\u0447\\u0438\\u043d\\u0451\\u043d\\u043d\\u044b\\u0435 \\u043f\\u043e\\u0440"' = <built-in method encode of str object at 0x61ff6844c680>('utf-8')
E        +    where <built-in method encode of str object at 0x61ff6844c680> = '"\\u0414\\u043e\\u0433\\u043e\\u0432\\u043e\\u0440 (\\u0434\\u0430\\u043d\\u043d\\u044b\\u0435 \\u043f\\u0440\\u0438\\u0434\\u0443\\u043c\\u0430\\u043d\\u044b)\\n\\n---\\n\\n\\u0414\\u043e\\u0433\\u043e\\u0432\\u043e\\u0440 \\u0430\\u0440\\u0435\\u043d\\u0434\\u044b \\u043d\\u0435\\u0434\\u0432\\u0438\\u0436\\u0438\\u043c\\u043e\\u0441\\u0442\\u0438\\n\\n\\u0433. \\u041c\\u043e\\u0441\\u043a\\u0432\\u0430                                                                                                                       27 \\u0430\\u043f\\u0440\\u0435\\u043b\\u044f 2024 \\u0433\\u043e\\u0434\\u0430\\n\\n\\u0418\\u041f \\u0418\\u0432\\u0430\\u043d\\u043e\\u0432 \\u0418\\u0432\\u0430\\u043d \\u0418\\u0432\\u0430\\u043d\\u043e\\u0432\\u0438\\u0447, \\u0438\\u043c\\u0435\\u043d\\u0443\\u0435\\u043c\\u044b\\u0439 \\u0432 \\u0434\\u0430\\u043b\\u044c\\u043d\\u0435\\u0439\\u0448\\u0435\\u043c \\u00ab\\u0410\\u0440\\u0435\\u043d\\u0434\\u043e\\u0434\\u0430\\u0442\\u0435\\u043b\\u044c\\u00bb, \\u0437\\u0430\\u0440\\u0435\\u0433\\u0438\\u0441\\u0442\\u0440\\u0438\\u0440\\u043e\\u0432\\u0430\\u043d\\u043d\\u044b\\u0439 \\u043f\\u043e \\u0430\\u0434\\u0440\\u0435\\u0441\\u0443: \\u0433. \\...0442\\u0432\\u0438\\u0438 \\u0441 \\u0435\\u0433\\u043e \\u043d\\u0430\\u0437\\u043d\\u0430\\u0447\\u0435\\u043d\\u0438\\u0435\\u043c.\\n- \\u041f\\u0440\\u043e\\u0438\\u0437\\u0432\\u043e\\u0434\\u0438\\u0442\\u044c \\u0441\\u0432\\u043e\\u0435\\u0432\\u0440\\u0435\\u043c\\u0435\\u043d\\u043d\\u0443\\u044e \\u043e\\u043f\\u043b\\u0430\\u0442\\u0443 \\u0430\\u0440\\u0435\\u043d\\u0434\\u043d\\u043e\\u0439 \\u043f\\u043b\\u0430\\u0442\\u044b.\\n- \\u041d\\u0435 \\u043f\\u0440\\u043e\\u0438\\u0437\\u0432\\u043e\\u0434\\u0438\\u0442\\u044c \\u0431\\u0435\\u0437 \\u0441\\u043e\\u0433\\u043b\\u0430\\u0441\\u0438\\u044f \\u0410\\u0440\\u0435\\u043d\\u0434\\u043e\\u0434\\u0430\\u0442\\u0435\\u043b\\u044f \\u043f\\u0435\\u0440\\u0435\\u0443\\u0441\\u0442\\u0440\\u043e\\u0439\\u0441\\u0442\\u0432\\u043e \\u0438\\u043b\\u0438 \\u0443\\u043b\\u0443\\u0447\\u0448\\u0435\\u043d\\u0438\\u0435 \\u041e\\u0431\\u044a\\u0435\\u043a\\u0442\\u0430 \\u0430\\u0440\\u0435\\u043d\\u0434\\u044b.\\n- \\u0412\\u043e\\u0437\\u043c\\u0435\\u0449\\u0430\\u0442\\u044c \\u0443\\u0431\\u044b\\u0442\\u043a\\u0438, \\u043f\\u0440\\u0438\\u0447\\u0438\\u043d\\u0451\\u043d\\u043d\\u044b\\u0435 \\u043f\\u043e\\u0440"'.encode
E        +  and   b'<!DOCTYPE html>\n<html lang="ru">\n<head>\n    <meta charset="UTF-8">\n    <meta name="viewport" content="width=device-width, initial-scale=1.0">\n    <title>\xd0\x9f\xd1\x80\xd0\xbe\xd0\xb2\xd0\xb5\xd1\x80\xd0\xba\xd0\xb0 \xd0\xb4\xd0\xbe\xd0\xb3\xd0\xbe\xd0\xb2\xd0\xbe\xd1\x80\xd0\xb0 \xd0\xb0\xd1\x80\xd0\xb5\xd0\xbd\xd0\xb4\xd1\x8b \xd0\xbe\xd0\xbd\xd0\xbb\xd0\xb0\xd0\xb9\xd0\xbd \xd0\xbd\xd0\xb5\xd0\xb9\xd1\x80\xd0\xbe\xd1\x81\xd0\xb5\xd1\x82\xd1\x8c\xd1\x8e. \xd0\x90\xd0\xbd\xd0\xb0\xd0\xbb\xd0\xb8\xd0\xb7 \xd1\x83\xd1\x81\xd0\xbb\xd0\xbe\xd0\xb2\xd0\xb8\xd0\xb9 \xd0\xb8 \xd0\xba\xd0\xbe\xd0\xbd\xd1\x81\xd1\x83\xd0\xbb\xd1\x8c\xd1\x82\xd0\xb0\xd1\x86\xd1\x8f</title>\n    <meta name="keywords" content="\xd0\xbf\xd1\x80\xd0\xbe\xd0\xb2\xd0\xb5\xd1\x80\xd0\xba\xd0\xb0 \xd0\xb4\xd0\xbe\xd0\xb3\xd0\xbe\xd0\xb2\xd0\xbe\xd1\x80\xd0\xb0 \xd0\xb0\xd1\x80\xd0\xb5\xd0\xbd\xd0\xb4\xd1\x8b, \xd0\xb0\xd0\xbd\xd0\xb0\xd0\xbb\xd0\xb8\xd0\xb7 \xd1\x83\xd1\x81\xd0\xbb\xd0\xbe\xd0\xb2\xd0\xb8\xd0\xb9 \xd0\xb0\xd1\x80\xd0\xb5\xd0\xbd\xd0\xb4\xd1\x8b, \xd1\x8e\xd1\x80\xd0\xb8\xd0\xb4\xd0\xb8\xd1\x87\xd0\xb5\xd1\x81\xd0\xba\xd0\xb0\xd1\x8f \xd0\xbf\xd1\x80\xd0\xbe\xd0\xb2\xd0\xb5\xd1\x80\xd0\xb...a\xd1\x80\xd0\xb5\xd1\x82\xd0\xbd\xd1\x8b\xd0\xbc \xd0\xb8 \xd1\x81\xd0\xbe\xd0\xbe\xd1\x82\xd0\xb2\xd0\xb5\xd1\x82\xd1\x81\xd1\x82\xd0\xb2\xd1\x83\xd1\x8e\xd1\x89\xd0\xb8\xd0\xbc \xd1\x81\xd1\x82\xd1\x80\xd1\x83\xd0\xba\xd1\x82\xd1\x83\xd1\x80\xd0\xb5 \xd0\xbf\xd0\xbe\xd0\xbb\xd0\xbd\xd0\xbe\xd1\x86\xd0\xb5\xd0\xbd\xd0\xbd\xd0\xbe\xd0\xb3\xd0\xbe \xd0\xb4\xd0\xbe\xd0\xb3\xd0\xbe\xd0\xb2\xd0\xbe\xd1\x80\xd0\xb0 \xd0\xb0\xd1\x80\xd0\xb5\xd0\xbd\xd0\xb4\xd1\x8b, \xd1\x87\xd1\x82\xd0\xbe\xd0\xb1\xd1\x8b \xd0\xbe\xd0\xb1\xd0\xb5\xd1\x81\xd0\xbf\xd0\xb5\xd1\x87\xd0\xb8\xd1\x82\xd1\x8c \xd1\x8e\xd1\x80\xd0\xb8\xd0\xb4\xd0\xb8\xd1\x87\xd0\xb5\xd1\x81\xd0\xba\xd1\x83\xd1\x8e \xd0\xbe\xd0\xbf\xd1\x80\xd0\xb5\xd0\xb4\xd0\xb5\xd0\xbb\xd0\xb5\xd0\xbd\xd0\xbd\xd0\xbe\xd1\x81\xd1\x82\xd1\x8c \xd0\xb8 \xd0\xb7\xd0\xb0\xd1\x89\xd0\xb8\xd1\x82\xd1\x83 \xd0\xb8\xd0\xbd\xd1\x82\xd0\xb5\xd1\x80\xd0\xb5\xd1\x81\xd0\xbe\xd0\xb2 \xd0\xbe\xd0\xb1\xd0\xb5\xd0\xb8\xd1\x85 \xd1\x81\xd1\x82\xd0\xbe\xd1\x80\xd0\xbe\xd0\xbd.&lt;/p&gt;&#39;}]}">\n    </div>\n    <script>\n        window.appConfig = {}; // Initialize an empty object\n    </script>\n    <script src="/public/js/app.js"></script>\n</body>\n</html>' = <WrapperTestResponse 30307 bytes [200 OK]>.data

tests/test_api.py:137: AssertionError
=============================== warnings summary ===============================
../../../usr/local/python/3.12.1/lib/python3.12/site-packages/pydub/utils.py:170
  /usr/local/python/3.12.1/lib/python3.12/site-packages/pydub/utils.py:170: RuntimeWarning: Couldn't find ffmpeg or avconv - defaulting to ffmpeg, but may not work
    warn("Couldn't find ffmpeg or avconv - defaulting to ffmpeg, but may not work", RuntimeWarning)

-- Docs: https://docs.pytest.org/en/stable/how-to/capture-warnings.html
=========================== short test summary info ============================
FAILED tests/test_api.py::test_seo_page_content_display - assert b'"\\u0414\\...
!!!!!!!!!!!!!!!!!!!!!!!!!!!!!! KeyboardInterrupt !!!!!!!!!!!!!!!!!!!!!!!!!!!!!!!
/usr/local/python/3.12.1/lib/python3.12/ssl.py:1105: KeyboardInterrupt
(to show a full traceback on KeyboardInterrupt use --full-trace)
=================== 1 failed, 4 passed, 1 warning in 39.67s ====================
